#
# A fatal error has been detected by the Java Runtime Environment:
#
#  EXCEPTION_ACCESS_VIOLATION (0xc0000005) at pc=0x000000006da682b5, pid=2180, tid=16072
#
# JRE version: Java(TM) SE Runtime Environment (8.0_45-b15) (build 1.8.0_45-b15)
# Java VM: Java HotSpot(TM) 64-Bit Server VM (25.45-b02 mixed mode windows-amd64 compressed oops)
# Problematic frame:
# V  [jvm.dll+0x1282b5]
#
# Failed to write core dump. Minidumps are not enabled by default on client versions of Windows
#
# If you would like to submit a bug report, please visit:
#   http://bugreport.java.com/bugreport/crash.jsp
#

---------------  T H R E A D  ---------------

Current thread (0x000000001e741800):  JavaThread "JDWP Transport Listener: dt_socket" daemon [_thread_in_vm, id=16072, stack(0x000000001ffc0000,0x00000000200c0000)]

siginfo: ExceptionCode=0xc0000005, reading address 0xffffffffffffffff

Registers:
RAX=0x00000000200bf201, RBX=0x000000001e741800, RCX=0x2f7372656c6c6f72, RDX=0x0000000000000000
RSP=0x00000000200bf1d0, RBP=0x2f7372656c6c6f72, RSI=0x00000000200bf2e8, RDI=0x00000000032a0190
R8 =0x000000001e741800, R9 =0x0000000000000001, R10=0x0000000000000003, R11=0x00000000200bf120
R12=0x0000000000000000, R13=0x000000001e7423e8, R14=0x0000000000000000, R15=0x0000000000000000
RIP=0x000000006da682b5, EFLAGS=0x0000000000010206

Top of Stack: (sp=0x00000000200bf1d0)
0x00000000200bf1d0:   000000001e741800 000000001e741800
0x00000000200bf1e0:   00000000200bf298 000000006dc6c7db
0x00000000200bf1f0:   000000001e741800 000000006dc8903d
0x00000000200bf200:   0000000000000000 000000006d8d9155
0x00000000200bf210:   0000000021e76df8 000000006d8e291e
0x00000000200bf220:   000000001e741800 0000000000000000
0x00000000200bf230:   0000000000000000 0000000000000000
0x00000000200bf240:   2f7372656c6c6f72 000000006d8e1a15
0x00000000200bf250:   00000000200bf2e8 00000000200bf2c0
0x00000000200bf260:   0000000000000001 0000000021e76df8
0x00000000200bf270:   2f7372656c6c6f72 000000006d8c53b3
0x00000000200bf280:   00000000200bf3b0 0000000000000001
0x00000000200bf290:   0000000000000001 0000000021e76df8
0x00000000200bf2a0:   00000000f000100a 0000000000000000
0x00000000200bf2b0:   0000000000000000 0000000000000000
0x00000000200bf2c0:   0000000000000001 000000006d8c5571 

Instructions: (pc=0x000000006da682b5)
0x000000006da68295:   cc cc cc cc cc cc cc cc cc cc cc 48 83 ec 28 48
0x000000006da682a5:   85 c9 75 07 33 c0 48 83 c4 28 c3 48 89 5c 24 20
0x000000006da682b5:   48 8b 19 48 85 db 74 20 48 83 fb 37 74 1a 48 8b
0x000000006da682c5:   13 48 8b cb ff 52 10 84 c0 74 0d 48 8b c3 48 8b 


Register to memory mapping:

RAX=0x00000000200bf201 is pointing into the stack for thread: 0x000000001e741800
RBX=0x000000001e741800 is a thread
RCX=0x2f7372656c6c6f72 is an unknown value
RDX=0x0000000000000000 is an unknown value
RSP=0x00000000200bf1d0 is pointing into the stack for thread: 0x000000001e741800
RBP=0x2f7372656c6c6f72 is an unknown value
RSI=0x00000000200bf2e8 is pointing into the stack for thread: 0x000000001e741800
RDI=0x00000000032a0190 is an unknown value
R8 =0x000000001e741800 is a thread
R9 =0x0000000000000001 is an unknown value
R10=0x0000000000000003 is an unknown value
R11=0x00000000200bf120 is pointing into the stack for thread: 0x000000001e741800
R12=0x0000000000000000 is an unknown value
R13=0x000000001e7423e8 is an unknown value
R14=0x0000000000000000 is an unknown value
R15=0x0000000000000000 is an unknown value


Stack: [0x000000001ffc0000,0x00000000200c0000],  sp=0x00000000200bf1d0,  free space=1020k
Native frames: (J=compiled Java code, j=interpreted, Vv=VM code, C=native code)
V  [jvm.dll+0x1282b5]
V  [jvm.dll+0x34903d]
C  [jdwp.dll+0x21a15]
C  [jdwp.dll+0x53b3]
C  [jdwp.dll+0x5571]
C  [jdwp.dll+0xf0a8]
C  [jdwp.dll+0x1f2d5]
C  [jdwp.dll+0x1f4aa]
V  [jvm.dll+0x1bae98]
V  [jvm.dll+0x241984]
V  [jvm.dll+0x29853a]
C  [msvcr100.dll+0x21d9f]
C  [msvcr100.dll+0x21e3b]
C  [KERNEL32.DLL+0x16ab0]
C  [ntdll.dll+0x51edb]


---------------  P R O C E S S  ---------------

Java Threads: ( => current thread )
  0x000000002052b800 JavaThread "http-nio-8080-exec-9" daemon [_thread_blocked, id=16960, stack(0x00000000277b0000,0x00000000278b0000)]
  0x000000002052a800 JavaThread "http-nio-8080-exec-8" daemon [_thread_blocked, id=17780, stack(0x00000000276b0000,0x00000000277b0000)]
  0x0000000020529000 JavaThread "http-nio-8080-exec-7" daemon [_thread_blocked, id=2400, stack(0x00000000275b0000,0x00000000276b0000)]
  0x000000002052a000 JavaThread "http-nio-8080-exec-6" daemon [_thread_blocked, id=9848, stack(0x00000000270b0000,0x00000000271b0000)]
  0x000000002052c000 JavaThread "http-nio-8080-exec-5" daemon [_thread_blocked, id=15652, stack(0x0000000025cb0000,0x0000000025db0000)]
  0x000000002052e800 JavaThread "http-nio-8080-exec-4" daemon [_thread_blocked, id=13284, stack(0x0000000022be0000,0x0000000022ce0000)]
  0x0000000020528800 JavaThread "http-nio-8080-exec-3" daemon [_thread_blocked, id=8240, stack(0x00000000015c0000,0x00000000016c0000)]
  0x000000002052d800 JavaThread "http-nio-8080-exec-2" daemon [_thread_blocked, id=412, stack(0x00000000014c0000,0x00000000015c0000)]
  0x00000000220cc000 JavaThread "http-nio-8080-exec-1" daemon [_thread_blocked, id=14100, stack(0x00000000013c0000,0x00000000014c0000)]
  0x00000000220ca000 JavaThread "DestroyJavaVM" [_thread_blocked, id=216, stack(0x0000000003150000,0x0000000003250000)]
  0x00000000220c7800 JavaThread "http-nio-8080-Acceptor" daemon [_thread_in_native, id=12232, stack(0x0000000026fb0000,0x00000000270b0000)]
  0x00000000220c6000 JavaThread "http-nio-8080-Poller" daemon [_thread_in_native, id=10808, stack(0x0000000026eb0000,0x0000000026fb0000)]
  0x00000000220cb800 JavaThread "container-0" [_thread_blocked, id=14228, stack(0x00000000269b0000,0x0000000026ab0000)]
  0x00000000220ca800 JavaThread "Catalina-utility-2" [_thread_blocked, id=10308, stack(0x00000000268b0000,0x00000000269b0000)]
  0x00000000220c7000 JavaThread "Catalina-utility-1" [_thread_blocked, id=11332, stack(0x00000000267b0000,0x00000000268b0000)]
  0x00000000220cd000 JavaThread "HikariPool-1 housekeeper" daemon [_thread_blocked, id=18860, stack(0x00000000259b0000,0x0000000025ab0000)]
  0x00000000220c9000 JavaThread "mysql-cj-abandoned-connection-cleanup" daemon [_thread_blocked, id=15216, stack(0x0000000022fe0000,0x00000000230e0000)]
  0x0000000021b9b800 JavaThread "JMX server connection timeout 21" daemon [_thread_blocked, id=9820, stack(0x0000000022ee0000,0x0000000022fe0000)]
  0x0000000021b7d000 JavaThread "RMI TCP Connection(9)-127.0.0.1" daemon [_thread_in_native, id=11544, stack(0x0000000022de0000,0x0000000022ee0000)]
  0x0000000021b88800 JavaThread "RMI Scheduler(0)" daemon [_thread_blocked, id=21260, stack(0x0000000022ce0000,0x0000000022de0000)]
  0x0000000020608800 JavaThread "RMI TCP Accept-0" daemon [_thread_in_native, id=12216, stack(0x00000000211c0000,0x00000000212c0000)]
  0x0000000020603800 JavaThread "RMI TCP Accept-59886" daemon [_thread_in_native, id=8648, stack(0x00000000210c0000,0x00000000211c0000)]
  0x0000000020601000 JavaThread "RMI TCP Accept-0" daemon [_thread_in_native, id=4100, stack(0x0000000020fc0000,0x00000000210c0000)]
  0x00000000203f6000 JavaThread "Service Thread" daemon [_thread_blocked, id=13196, stack(0x0000000020ec0000,0x0000000020fc0000)]
  0x00000000203e9000 JavaThread "C1 CompilerThread3" daemon [_thread_blocked, id=13228, stack(0x0000000020dc0000,0x0000000020ec0000)]
  0x00000000203e6800 JavaThread "C2 CompilerThread2" daemon [_thread_blocked, id=16392, stack(0x0000000020cc0000,0x0000000020dc0000)]
  0x00000000203e5800 JavaThread "C2 CompilerThread1" daemon [_thread_blocked, id=13788, stack(0x0000000020bc0000,0x0000000020cc0000)]
  0x00000000203e2800 JavaThread "C2 CompilerThread0" daemon [_thread_blocked, id=21376, stack(0x0000000020ac0000,0x0000000020bc0000)]
  0x000000001e753000 JavaThread "JDWP Command Reader" daemon [_thread_in_native, id=18764, stack(0x00000000201c0000,0x00000000202c0000)]
  0x000000001e74e000 JavaThread "JDWP Event Helper Thread" daemon [_thread_blocked, id=22372, stack(0x00000000200c0000,0x00000000201c0000)]
=>0x000000001e741800 JavaThread "JDWP Transport Listener: dt_socket" daemon [_thread_in_vm, id=16072, stack(0x000000001ffc0000,0x00000000200c0000)]
  0x000000001e736800 JavaThread "Attach Listener" daemon [_thread_blocked, id=13648, stack(0x000000001fb80000,0x000000001fc80000)]
  0x000000001e735800 JavaThread "Signal Dispatcher" daemon [_thread_blocked, id=12448, stack(0x000000001fa80000,0x000000001fb80000)]
  0x000000001d050000 JavaThread "Finalizer" daemon [_thread_blocked, id=14824, stack(0x000000001f980000,0x000000001fa80000)]
  0x000000001d048000 JavaThread "Reference Handler" daemon [_thread_blocked, id=12400, stack(0x000000001f880000,0x000000001f980000)]

Other Threads:
  0x000000000339b800 VMThread [stack: 0x000000001f780000,0x000000001f880000] [id=22420]
  0x000000002060c000 WatcherThread [stack: 0x00000000213c0000,0x00000000214c0000] [id=17072]

VM state:not at safepoint (normal execution)

VM Mutex/Monitor currently owned by a thread: None

Heap:
 PSYoungGen      total 279552K, used 186643K [0x000000076c000000, 0x0000000781d80000, 0x00000007c0000000)
  eden space 266752K, 69% used [0x000000076c000000,0x0000000777644cb0,0x000000077c480000)
  from space 12800K, 0% used [0x000000077c480000,0x000000077c480000,0x000000077d100000)
  to   space 17408K, 0% used [0x0000000780c80000,0x0000000780c80000,0x0000000781d80000)
 ParOldGen       total 217088K, used 31135K [0x00000006c4000000, 0x00000006d1400000, 0x000000076c000000)
  object space 217088K, 14% used [0x00000006c4000000,0x00000006c5e67d08,0x00000006d1400000)
 Metaspace       used 64363K, capacity 68061K, committed 68184K, reserved 1107968K
  class space    used 9132K, capacity 9763K, committed 9856K, reserved 1048576K

Card table byte_map: [0x0000000012900000,0x00000000130f0000] byte_map_base: 0x000000000f2e0000

Marking Bits: (ParMarkBitMap*) 0x000000006e144040
 Begin Bits: [0x0000000014030000, 0x0000000017f30000)
 End Bits:   [0x0000000017f30000, 0x000000001be30000)

Polling page: 0x0000000001740000

CodeCache: size=245760Kb used=9292Kb max_used=9292Kb free=236468Kb
 bounds [0x0000000003540000, 0x0000000003e60000, 0x0000000012540000]
 total_blobs=5135 nmethods=4567 adapters=487
 compilation: enabled

Compilation events (10 events):
Event: 381.809 Thread 0x00000000203e9000 4637       1       sun.nio.ch.WindowsSelectorImpl::updateSelectedKeys (74 bytes)
Event: 381.809 Thread 0x00000000203e9000 nmethod 4637 0x0000000003e53f10 code [0x0000000003e540c0, 0x0000000003e543c8]
Event: 381.809 Thread 0x00000000203e9000 4638       1       sun.nio.ch.WindowsSelectorImpl$SubSelector::access$2900 (6 bytes)
Event: 381.809 Thread 0x00000000203e9000 nmethod 4638 0x0000000003e54690 code [0x0000000003e547e0, 0x0000000003e54908]
Event: 381.809 Thread 0x00000000203e9000 4639       1       sun.nio.ch.WindowsSelectorImpl$SubSelector::processSelectedKeys (64 bytes)
Event: 381.809 Thread 0x00000000203e9000 nmethod 4639 0x0000000003e549d0 code [0x0000000003e54b40, 0x0000000003e54d28]
Event: 381.809 Thread 0x00000000203e9000 4640   !   1       sun.nio.ch.WindowsSelectorImpl::resetWakeupSocket (41 bytes)
Event: 381.809 Thread 0x00000000203e9000 nmethod 4640 0x0000000003e54e10 code [0x0000000003e54f80, 0x0000000003e552c8]
Event: 384.333 Thread 0x00000000203e9000 4641       1       java.util.EventObject::getSource (5 bytes)
Event: 384.333 Thread 0x00000000203e9000 nmethod 4641 0x0000000003e553d0 code [0x0000000003e55520, 0x0000000003e55630]

GC Heap History (10 events):
Event: 2.342 GC heap before
{Heap before GC invocations=8 (full 1):
 PSYoungGen      total 176128K, used 30684K [0x000000076c000000, 0x0000000779400000, 0x00000007c0000000)
  eden space 165376K, 12% used [0x000000076c000000,0x000000076d3776f8,0x0000000776180000)
  from space 10752K, 99% used [0x0000000776e00000,0x000000077787f930,0x0000000777880000)
  to   space 12800K, 0% used [0x0000000776180000,0x0000000776180000,0x0000000776e00000)
 ParOldGen       total 98816K, used 8498K [0x00000006c4000000, 0x00000006ca080000, 0x000000076c000000)
  object space 98816K, 8% used [0x00000006c4000000,0x00000006c484c870,0x00000006ca080000)
 Metaspace       used 33394K, capacity 35382K, committed 35456K, reserved 1079296K
  class space    used 4596K, capacity 4974K, committed 4992K, reserved 1048576K
Event: 2.346 GC heap after
Heap after GC invocations=8 (full 1):
 PSYoungGen      total 178176K, used 8201K [0x000000076c000000, 0x000000077e000000, 0x00000007c0000000)
  eden space 165376K, 0% used [0x000000076c000000,0x000000076c000000,0x0000000776180000)
  from space 12800K, 64% used [0x0000000776180000,0x00000007769826b8,0x0000000776e00000)
  to   space 12288K, 0% used [0x000000077d400000,0x000000077d400000,0x000000077e000000)
 ParOldGen       total 98816K, used 8506K [0x00000006c4000000, 0x00000006ca080000, 0x000000076c000000)
  object space 98816K, 8% used [0x00000006c4000000,0x00000006c484e870,0x00000006ca080000)
 Metaspace       used 33394K, capacity 35382K, committed 35456K, reserved 1079296K
  class space    used 4596K, capacity 4974K, committed 4992K, reserved 1048576K
}
Event: 2.346 GC heap before
{Heap before GC invocations=9 (full 2):
 PSYoungGen      total 178176K, used 8201K [0x000000076c000000, 0x000000077e000000, 0x00000007c0000000)
  eden space 165376K, 0% used [0x000000076c000000,0x000000076c000000,0x0000000776180000)
  from space 12800K, 64% used [0x0000000776180000,0x00000007769826b8,0x0000000776e00000)
  to   space 12288K, 0% used [0x000000077d400000,0x000000077d400000,0x000000077e000000)
 ParOldGen       total 98816K, used 8506K [0x00000006c4000000, 0x00000006ca080000, 0x000000076c000000)
  object space 98816K, 8% used [0x00000006c4000000,0x00000006c484e870,0x00000006ca080000)
 Metaspace       used 33394K, capacity 35382K, committed 35456K, reserved 1079296K
  class space    used 4596K, capacity 4974K, committed 4992K, reserved 1048576K
Event: 2.374 GC heap after
Heap after GC invocations=9 (full 2):
 PSYoungGen      total 178176K, used 0K [0x000000076c000000, 0x000000077e000000, 0x00000007c0000000)
  eden space 165376K, 0% used [0x000000076c000000,0x000000076c000000,0x0000000776180000)
  from space 12800K, 0% used [0x0000000776180000,0x0000000776180000,0x0000000776e00000)
  to   space 12288K, 0% used [0x000000077d400000,0x000000077d400000,0x000000077e000000)
 ParOldGen       total 145408K, used 12894K [0x00000006c4000000, 0x00000006cce00000, 0x000000076c000000)
  object space 145408K, 8% used [0x00000006c4000000,0x00000006c4c97bf8,0x00000006cce00000)
 Metaspace       used 33394K, capacity 35382K, committed 35456K, reserved 1079296K
  class space    used 4596K, capacity 4974K, committed 4992K, reserved 1048576K
}
Event: 2.944 GC heap before
{Heap before GC invocations=10 (full 2):
 PSYoungGen      total 178176K, used 165145K [0x000000076c000000, 0x000000077e000000, 0x00000007c0000000)
  eden space 165376K, 99% used [0x000000076c000000,0x0000000776146410,0x0000000776180000)
  from space 12800K, 0% used [0x0000000776180000,0x0000000776180000,0x0000000776e00000)
  to   space 12288K, 0% used [0x000000077d400000,0x000000077d400000,0x000000077e000000)
 ParOldGen       total 145408K, used 12894K [0x00000006c4000000, 0x00000006cce00000, 0x000000076c000000)
  object space 145408K, 8% used [0x00000006c4000000,0x00000006c4c97bf8,0x00000006cce00000)
 Metaspace       used 41205K, capacity 43524K, committed 43904K, reserved 1087488K
  class space    used 5749K, capacity 6185K, committed 6272K, reserved 1048576K
Event: 2.951 GC heap after
Heap after GC invocations=10 (full 2):
 PSYoungGen      total 260608K, used 9367K [0x000000076c000000, 0x000000077dd80000, 0x00000007c0000000)
  eden space 250880K, 0% used [0x000000076c000000,0x000000076c000000,0x000000077b500000)
  from space 9728K, 96% used [0x000000077d400000,0x000000077dd25dd8,0x000000077dd80000)
  to   space 12800K, 0% used [0x000000077c480000,0x000000077c480000,0x000000077d100000)
 ParOldGen       total 145408K, used 12902K [0x00000006c4000000, 0x00000006cce00000, 0x000000076c000000)
  object space 145408K, 8% used [0x00000006c4000000,0x00000006c4c99bf8,0x00000006cce00000)
 Metaspace       used 41205K, capacity 43524K, committed 43904K, reserved 1087488K
  class space    used 5749K, capacity 6185K, committed 6272K, reserved 1048576K
}
Event: 4.151 GC heap before
{Heap before GC invocations=11 (full 2):
 PSYoungGen      total 260608K, used 258287K [0x000000076c000000, 0x000000077dd80000, 0x00000007c0000000)
  eden space 250880K, 99% used [0x000000076c000000,0x000000077b315fb0,0x000000077b500000)
  from space 9728K, 96% used [0x000000077d400000,0x000000077dd25dd8,0x000000077dd80000)
  to   space 12800K, 0% used [0x000000077c480000,0x000000077c480000,0x000000077d100000)
 ParOldGen       total 145408K, used 12902K [0x00000006c4000000, 0x00000006cce00000, 0x000000076c000000)
  object space 145408K, 8% used [0x00000006c4000000,0x00000006c4c99bf8,0x00000006cce00000)
 Metaspace       used 55838K, capacity 58907K, committed 59096K, reserved 1099776K
  class space    used 7926K, capacity 8448K, committed 8448K, reserved 1048576K
Event: 4.162 GC heap after
Heap after GC invocations=11 (full 2):
 PSYoungGen      total 279552K, used 12769K [0x000000076c000000, 0x0000000781d80000, 0x00000007c0000000)
  eden space 266752K, 0% used [0x000000076c000000,0x000000076c000000,0x000000077c480000)
  from space 12800K, 99% used [0x000000077c480000,0x000000077d0f8690,0x000000077d100000)
  to   space 17408K, 0% used [0x0000000780c80000,0x0000000780c80000,0x0000000781d80000)
 ParOldGen       total 145408K, used 20904K [0x00000006c4000000, 0x00000006cce00000, 0x000000076c000000)
  object space 145408K, 14% used [0x00000006c4000000,0x00000006c546a0b8,0x00000006cce00000)
 Metaspace       used 55838K, capacity 58907K, committed 59096K, reserved 1099776K
  class space    used 7926K, capacity 8448K, committed 8448K, reserved 1048576K
}
Event: 4.162 GC heap before
{Heap before GC invocations=12 (full 3):
 PSYoungGen      total 279552K, used 12769K [0x000000076c000000, 0x0000000781d80000, 0x00000007c0000000)
  eden space 266752K, 0% used [0x000000076c000000,0x000000076c000000,0x000000077c480000)
  from space 12800K, 99% used [0x000000077c480000,0x000000077d0f8690,0x000000077d100000)
  to   space 17408K, 0% used [0x0000000780c80000,0x0000000780c80000,0x0000000781d80000)
 ParOldGen       total 145408K, used 20904K [0x00000006c4000000, 0x00000006cce00000, 0x000000076c000000)
  object space 145408K, 14% used [0x00000006c4000000,0x00000006c546a0b8,0x00000006cce00000)
 Metaspace       used 55838K, capacity 58907K, committed 59096K, reserved 1099776K
  class space    used 7926K, capacity 8448K, committed 8448K, reserved 1048576K
Event: 4.267 GC heap after
Heap after GC invocations=12 (full 3):
 PSYoungGen      total 279552K, used 0K [0x000000076c000000, 0x0000000781d80000, 0x00000007c0000000)
  eden space 266752K, 0% used [0x000000076c000000,0x000000076c000000,0x000000077c480000)
  from space 12800K, 0% used [0x000000077c480000,0x000000077c480000,0x000000077d100000)
  to   space 17408K, 0% used [0x0000000780c80000,0x0000000780c80000,0x0000000781d80000)
 ParOldGen       total 217088K, used 31135K [0x00000006c4000000, 0x00000006d1400000, 0x000000076c000000)
  object space 217088K, 14% used [0x00000006c4000000,0x00000006c5e67d08,0x00000006d1400000)
 Metaspace       used 55838K, capacity 58907K, committed 59096K, reserved 1099776K
  class space    used 7926K, capacity 8448K, committed 8448K, reserved 1048576K
}

Deoptimization events (0 events):
No events

Internal exceptions (10 events):
Event: 103.484 Thread 0x000000002052e800 Exception <a 'java/lang/ClassNotFoundException': java/lang/ObjectCustomizer> (0x00000007743072b0) thrown at [C:\re\workspace\8-2-build-windows-amd64-cygwin\jdk8u45\3627\hotspot\src\share\vm\classfile\systemDictionary.cpp, line 210]
Event: 103.485 Thread 0x000000002052e800 Exception <a 'java/lang/ClassNotFoundException': com/ait/demospringsecurity/securities/payloads/request/SignupRequestCustomizer> (0x0000000774328bd8) thrown at [C:\re\workspace\8-2-build-windows-amd64-cygwin\jdk8u45\3627\hotspot\src\share\vm\classfile\syst
Event: 134.482 Thread 0x000000002052a000 Exception <a 'java/lang/ArrayIndexOutOfBoundsException'> (0x00000007745d1808) thrown at [C:\re\workspace\8-2-build-windows-amd64-cygwin\jdk8u45\3627\hotspot\src\share\vm\runtime\sharedRuntime.cpp, line 605]
Event: 143.770 Thread 0x000000002052a000 Exception <a 'java/lang/NoSuchMethodError': java.lang.Object.lambda$static$0(Lorg/hibernate/type/EntityType;Ljava/lang/Object;Lorg/hibernate/engine/spi/SharedSessionContractImplementor;Ljava/lang/Object;Ljava/lang/Boolean;)Ljava/lang/Object;> (0x0000000775ç˝j ¯a@
Event: 143.775 Thread 0x000000002052a000 Exception <a 'java/lang/ArrayIndexOutOfBoundsException'> (0x0000000775f32680) thrown at [C:\re\workspace\8-2-build-windows-amd64-cygwin\jdk8u45\3627\hotspot\src\share\vm\runtime\sharedRuntime.cpp, line 605]
Event: 143.787 Thread 0x000000002052a000 Exception <a 'java/lang/ClassNotFoundException': java/lang/ObjectCustomizer> (0x0000000776028548) thrown at [C:\re\workspace\8-2-build-windows-amd64-cygwin\jdk8u45\3627\hotspot\src\share\vm\classfile\systemDictionary.cpp, line 210]
Event: 143.789 Thread 0x000000002052a000 Exception <a 'java/lang/ClassNotFoundException': com/ait/demospringsecurity/models/UserCustomizer> (0x0000000776042a28) thrown at [C:\re\workspace\8-2-build-windows-amd64-cygwin\jdk8u45\3627\hotspot\src\share\vm\classfile\systemDictionary.cpp, line 210]
Event: 227.443 Thread 0x000000002052b800 Exception <a 'java/lang/ArrayIndexOutOfBoundsException'> (0x00000007768a9c98) thrown at [C:\re\workspace\8-2-build-windows-amd64-cygwin\jdk8u45\3627\hotspot\src\share\vm\runtime\sharedRuntime.cpp, line 605]
Event: 227.540 Thread 0x000000002052b800 Exception <a 'java/lang/ArrayIndexOutOfBoundsException'> (0x0000000776cb6000) thrown at [C:\re\workspace\8-2-build-windows-amd64-cygwin\jdk8u45\3627\hotspot\src\share\vm\runtime\sharedRuntime.cpp, line 605]
Event: 227.629 Thread 0x000000002052b800 Exception <a 'java/lang/reflect/InvocationTargetException'> (0x00000007771abc50) thrown at [C:\re\workspace\8-2-build-windows-amd64-cygwin\jdk8u45\3627\hotspot\src\share\vm\runtime\reflection.cpp, line 1080]

Events (10 events):
Event: 227.634 Thread 0x000000002052b800 DEOPT PACKING pc=0x0000000003738f51 sp=0x00000000278acf60
Event: 227.634 Thread 0x000000002052b800 DEOPT UNPACKING pc=0x000000000358787f sp=0x00000000278accb0 mode 1
Event: 227.634 Thread 0x000000002052b800 DEOPT PACKING pc=0x0000000003a26184 sp=0x00000000278acfe0
Event: 227.634 Thread 0x000000002052b800 DEOPT UNPACKING pc=0x000000000358787f sp=0x00000000278ace00 mode 1
Event: 227.634 Thread 0x000000002052b800 DEOPT PACKING pc=0x0000000003a260cc sp=0x00000000278ad170
Event: 227.634 Thread 0x000000002052b800 DEOPT UNPACKING pc=0x000000000358787f sp=0x00000000278acf90 mode 1
Event: 227.639 Executing VM operation: RevokeBias
Event: 227.639 Executing VM operation: RevokeBias done
Event: 427.510 Executing VM operation: RedefineClasses
Event: 427.534 Executing VM operation: RedefineClasses done


Dynamic libraries:
0x00007ff7f8400000 - 0x00007ff7f8437000 	C:\Program Files\Java\jdk1.8.0_45\bin\javaw.exe
0x00007ff9071c0000 - 0x00007ff9073cf000 	C:\WINDOWS\SYSTEM32\ntdll.dll
0x00007ff905610000 - 0x00007ff9056cd000 	C:\WINDOWS\System32\KERNEL32.DLL
0x00007ff904c00000 - 0x00007ff904f8c000 	C:\WINDOWS\System32\KERNELBASE.dll
0x00007ff8fdac0000 - 0x00007ff8fdb52000 	C:\WINDOWS\SYSTEM32\apphelp.dll
0x00007ff906b10000 - 0x00007ff906bbe000 	C:\WINDOWS\System32\ADVAPI32.dll
0x00007ff9051f0000 - 0x00007ff905294000 	C:\WINDOWS\System32\msvcrt.dll
0x00007ff906d80000 - 0x00007ff906e21000 	C:\WINDOWS\System32\sechost.dll
0x00007ff9050b0000 - 0x00007ff9051cf000 	C:\WINDOWS\System32\RPCRT4.dll
0x00007ff905460000 - 0x00007ff905606000 	C:\WINDOWS\System32\USER32.dll
0x00007ff904680000 - 0x00007ff9046a6000 	C:\WINDOWS\System32\win32u.dll
0x00007ff906cb0000 - 0x00007ff906cd9000 	C:\WINDOWS\System32\GDI32.dll
0x00007ff9049f0000 - 0x00007ff904b07000 	C:\WINDOWS\System32\gdi32full.dll
0x00007ff904f90000 - 0x00007ff90502a000 	C:\WINDOWS\System32\msvcp_win.dll
0x00007ff9048d0000 - 0x00007ff9049e1000 	C:\WINDOWS\System32\ucrtbase.dll
0x00007ff8f79b0000 - 0x00007ff8f7c51000 	C:\WINDOWS\WinSxS\amd64_microsoft.windows.common-controls_6595b64144ccf1df_6.0.22494.1000_none_23deebcec6cdf010\COMCTL32.dll
0x00007ff906d40000 - 0x00007ff906d71000 	C:\WINDOWS\System32\IMM32.DLL
0x000000006e1d0000 - 0x000000006e2a2000 	C:\Program Files\Java\jdk1.8.0_45\jre\bin\msvcr100.dll
0x000000006d940000 - 0x000000006e1c3000 	C:\Program Files\Java\jdk1.8.0_45\jre\bin\server\jvm.dll
0x00007ff9063e0000 - 0x00007ff9063e8000 	C:\WINDOWS\System32\PSAPI.DLL
0x00007ff8ea170000 - 0x00007ff8ea179000 	C:\WINDOWS\SYSTEM32\WSOCK32.dll
0x00007ff8fa260000 - 0x00007ff8fa294000 	C:\WINDOWS\SYSTEM32\WINMM.dll
0x00007ff8fad90000 - 0x00007ff8fad9a000 	C:\WINDOWS\SYSTEM32\VERSION.dll
0x00007ff907100000 - 0x00007ff907171000 	C:\WINDOWS\System32\WS2_32.dll
0x000000006d930000 - 0x000000006d93f000 	C:\Program Files\Java\jdk1.8.0_45\jre\bin\verify.dll
0x000000006d900000 - 0x000000006d929000 	C:\Program Files\Java\jdk1.8.0_45\jre\bin\java.dll
0x000000006d8c0000 - 0x000000006d8f5000 	C:\Program Files\Java\jdk1.8.0_45\jre\bin\jdwp.dll
0x000000006d8b0000 - 0x000000006d8b8000 	C:\Program Files\Java\jdk1.8.0_45\jre\bin\npt.dll
0x000000006d880000 - 0x000000006d8a3000 	C:\Program Files\Java\jdk1.8.0_45\jre\bin\instrument.dll
0x000000006d860000 - 0x000000006d876000 	C:\Program Files\Java\jdk1.8.0_45\jre\bin\zip.dll
0x00007ff905c00000 - 0x00007ff9063b4000 	C:\WINDOWS\System32\SHELL32.dll
0x00007ff902720000 - 0x00007ff902f7d000 	C:\WINDOWS\SYSTEM32\windows.storage.dll
0x00007ff905810000 - 0x00007ff905b8b000 	C:\WINDOWS\System32\combase.dll
0x00007ff9025d0000 - 0x00007ff902719000 	C:\WINDOWS\SYSTEM32\wintypes.dll
0x00007ff906bc0000 - 0x00007ff906cb0000 	C:\WINDOWS\System32\SHCORE.dll
0x00007ff906ce0000 - 0x00007ff906d3b000 	C:\WINDOWS\System32\shlwapi.dll
0x00007ff9045b0000 - 0x00007ff9045d1000 	C:\WINDOWS\SYSTEM32\profapi.dll
0x000000006d850000 - 0x000000006d859000 	C:\Program Files\Java\jdk1.8.0_45\jre\bin\dt_socket.dll
0x00007ff8d7450000 - 0x00007ff8d7467000 	C:\WINDOWS\system32\napinsp.dll
0x00007ff8d6800000 - 0x00007ff8d681b000 	C:\WINDOWS\system32\pnrpnsp.dll
0x00007ff903c80000 - 0x00007ff903ce9000 	C:\WINDOWS\System32\mswsock.dll
0x00007ff9032e0000 - 0x00007ff9033d7000 	C:\WINDOWS\SYSTEM32\DNSAPI.dll
0x00007ff9032b0000 - 0x00007ff9032dd000 	C:\WINDOWS\SYSTEM32\IPHLPAPI.DLL
0x00007ff9063f0000 - 0x00007ff9063f9000 	C:\WINDOWS\System32\NSI.dll
0x00007ff8d6600000 - 0x00007ff8d6611000 	C:\WINDOWS\System32\winrnr.dll
0x00007ff8d67e0000 - 0x00007ff8d6800000 	C:\WINDOWS\system32\nlansp_c.dll
0x00007ff8d6230000 - 0x00007ff8d6245000 	C:\WINDOWS\system32\wshbth.dll
0x00007ff8f9d30000 - 0x00007ff8f9db2000 	C:\WINDOWS\System32\fwpuclnt.dll
0x00007ff8fada0000 - 0x00007ff8fadaa000 	C:\Windows\System32\rasadhlp.dll
0x000000006d840000 - 0x000000006d84d000 	C:\Program Files\Java\jdk1.8.0_45\jre\bin\management.dll
0x000000006d820000 - 0x000000006d83a000 	C:\Program Files\Java\jdk1.8.0_45\jre\bin\net.dll
0x000000006d800000 - 0x000000006d811000 	C:\Program Files\Java\jdk1.8.0_45\jre\bin\nio.dll
0x00007ff903ed0000 - 0x00007ff903ee8000 	C:\WINDOWS\SYSTEM32\CRYPTSP.dll
0x00007ff9037a0000 - 0x00007ff9037d5000 	C:\WINDOWS\system32\rsaenh.dll
0x00007ff903d80000 - 0x00007ff903da9000 	C:\WINDOWS\SYSTEM32\USERENV.dll
0x00007ff904050000 - 0x00007ff904078000 	C:\WINDOWS\SYSTEM32\bcrypt.dll
0x00007ff904b10000 - 0x00007ff904b91000 	C:\WINDOWS\System32\bcryptprimitives.dll
0x00007ff903ef0000 - 0x00007ff903efc000 	C:\WINDOWS\SYSTEM32\CRYPTBASE.dll
0x00007ff8fadd0000 - 0x00007ff8fade9000 	C:\WINDOWS\SYSTEM32\dhcpcsvc6.DLL
0x00007ff8fadb0000 - 0x00007ff8fadce000 	C:\WINDOWS\SYSTEM32\dhcpcsvc.DLL
0x0000000180000000 - 0x0000000180286000 	D:\PATH\apache-tomcat-9.0.53\bin\tcnative-1.dll
0x00007ff9046b0000 - 0x00007ff90480c000 	C:\WINDOWS\System32\CRYPT32.dll
0x00007ff901d10000 - 0x00007ff901f36000 	C:\WINDOWS\SYSTEM32\dbghelp.dll

VM Arguments:
jvm_args: -agentlib:jdwp=transport=dt_socket,suspend=y,address=localhost:59887 -Dcom.sun.management.jmxremote -Dcom.sun.management.jmxremote.port=59886 -Dcom.sun.management.jmxremote.authenticate=false -Dcom.sun.management.jmxremote.ssl=false -Djava.rmi.server.hostname=localhost -Dspring.jmx.enabled=true -Dspring.application.admin.enabled=true -XX:TieredStopAtLevel=1 -Dspring.boot.project.name=demo-spring-security -javaagent:C:\Users\ASUS GAMING\eclipse\jee-2021-09\eclipse\configuration\org.eclipse.osgi\415\0\.cp\lib\javaagent-shaded.jar -Dfile.encoding=UTF-8 
java_command: com.ait.demospringsecurity.DemoSpringSecurityApplication
java_class_path (initial): D:\WORK\eclipse-workspace\demo-spring-security\target\classes;C:\Users\ASUS GAMING\.m2\repository\org\springframework\boot\spring-boot-starter-data-jpa\2.5.6\spring-boot-starter-data-jpa-2.5.6.jar;C:\Users\ASUS GAMING\.m2\repository\org\springframework\boot\spring-boot-starter-aop\2.5.6\spring-boot-starter-aop-2.5.6.jar;C:\Users\ASUS GAMING\.m2\repository\org\aspectj\aspectjweaver\1.9.7\aspectjweaver-1.9.7.jar;C:\Users\ASUS GAMING\.m2\repository\org\springframework\boot\spring-boot-starter-jdbc\2.5.6\spring-boot-starter-jdbc-2.5.6.jar;C:\Users\ASUS GAMING\.m2\repository\com\zaxxer\HikariCP\4.0.3\HikariCP-4.0.3.jar;C:\Users\ASUS GAMING\.m2\repository\org\springframework\spring-jdbc\5.3.12\spring-jdbc-5.3.12.jar;C:\Users\ASUS GAMING\.m2\repository\jakarta\transaction\jakarta.transaction-api\1.3.3\jakarta.transaction-api-1.3.3.jar;C:\Users\ASUS GAMING\.m2\repository\jakarta\persistence\jakarta.persistence-api\2.2.3\jakarta.persistence-api-2.2.3.jar;C:\Users\ASUS GAMING\.m2\repository\org\hibernate\hibernate-core\5.4.32.Final\hibernate-core-5.4.32.Final.jar;C:\Users\ASUS GAMING\.m2\repository\org\jboss\logging\jboss-logging\3.4.2.Final\jboss-logging-3.4.2.Final.jar;C:\Users\ASUS GAMING\.m2\repository\org\javassist\javassist\3.27.0-GA\javassist-3.27.0-GA.jar;C:\Users\ASUS GAMING\.m2\repository\net\bytebuddy\byte-buddy\1.10.22\byte-buddy-1.10.22.jar;C:\Users\ASUS GAMING\.m2\repository\antlr\antlr\2.7.7\antlr-2.7.7.jar;C:\Users\ASUS GAMING\.m2\repository\org\jboss\jandex\2.2.3.Final\jandex-2.2.3.Final.jar;C:\Users\ASUS GAMING\.m2\repository\com\fasterxml\classmate\1.5.1\classmate-1.5.1.jar;C:\Users\ASUS GAMING\.m2\repository\org\dom4j\dom4j\2.1.3\dom4j-2.1.3.jar;C:\Users\ASUS GAMING\.m2\repository\org\hibernate\common\hibernate-commons-annotations\5.1.2.Final\hibernate-commons-annotations-5.1.2.Final.jar;C:\Users\ASUS GAMING\.m2\repository\org\glassfish\jaxb\jaxb-runtime\2.3.5\jaxb-runtime-2.3.5.jar;C:\Users\ASUS GAMING\.m2\repository\org\glass
Launcher Type: SUN_STANDARD

Environment Variables:
JAVA_HOME=C:\Program Files\Java\jdk1.8.0_45
PATH=C:\Program Files\Java\jdk1.8.0_45\jre\bin;C:/Users/ASUS GAMING/.p2/pool/plugins/org.eclipse.justj.openjdk.hotspot.jre.full.win32.x86_64_17.0.0.v20211012-1059/jre/bin/server;C:/Users/ASUS GAMING/.p2/pool/plugins/org.eclipse.justj.openjdk.hotspot.jre.full.win32.x86_64_17.0.0.v20211012-1059/jre/bin;C:\Program Files\Microsoft\jdk-17.0.1.12-hotspot\bin;C:\Program Files\Eclipse Adoptium\jdk-8.0.312.7-hotspot\bin;C:\Program Files (x86)\Common Files\Oracle\Java\javapath;C:\ProgramData\Oracle\Java\javapath;C:\Windows\system32;C:\Windows;C:\Windows\System32\Wbem;C:\Windows\System32\WindowsPowerShell\v1.0\;C:\Windows\System32\OpenSSH\;C:\Program Files (x86)\NVIDIA Corporation\PhysX\Common;C:\Program Files\NVIDIA Corporation\NVIDIA NvDLISR;C:\Program Files\nodejs\;C:\WINDOWS\system32;C:\WINDOWS;C:\WINDOWS\System32\Wbem;C:\WINDOWS\System32\WindowsPowerShell\v1.0\;C:\WINDOWS\System32\OpenSSH\;C:\Program Files\Git\cmd;C:\Program Files\dotnet\;C:\Program Files\Microsoft SQL Server\130\Tools\Binn\;C:\Program Files\Microsoft SQL Server\Client SDK\ODBC\170\Tools\Binn\;C:\Program Files (x86)\Microsoft SQL Server\150\Tools\Binn\;C:\Program Files\Microsoft SQL Server\150\Tools\Binn\;C:\Program Files\Microsoft SQL Server\150\DTS\Binn\;C:\Program Files (x86)\Microsoft SQL Server\150\DTS\Binn\;C:\Program Files\Azure Data Studio\bin;D:\PATH\apache-tomcat-9.0.53\bin;D:\PATH\apache-maven-3.8.2\bin;C:\Program Files\Java\jdk1.8.0_45\bin;C:\Program Files\MySQL\MySQL Shell 8.0\bin\;C:\Users\ASUS GAMING\AppData\Local\Microsoft\WindowsApps;C:\Program Files\heroku\bin;C:\Users\ASUS GAMING\AppData\Roaming\npm;D:\PATH\apache-maven-3.8.2\bin;C:\Users\ASUS GAMING\AppData\Local\Programs\Microsoft VS Code\bin;C:\Users\ASUS GAMING\.dotnet\tools;C:\Program Files\Azure Data Studio\bin;;C:\Users\ASUS GAMING\Desktop;
USERNAME=ASUS GAMING
OS=Windows_NT
PROCESSOR_IDENTIFIER=Intel64 Family 6 Model 141 Stepping 1, GenuineIntel



---------------  S Y S T E M  ---------------

OS: Windows 10.0 , 64 bit Build 22494 (10.0.22494.1000)

CPU:total 12 (6 cores per cpu, 2 threads per core) family 6 model 141 stepping 1, cmov, cx8, fxsr, mmx, sse, sse2, sse3, ssse3, sse4.1, sse4.2, popcnt, avx, avx2, aes, clmul, erms, 3dnowpref, lzcnt, ht, tsc, tscinvbit, bmi1, bmi2, adx

Memory: 4k page, physical 16509792k(5511008k free), swap 27519840k(10198148k free)

vm_info: Java HotSpot(TM) 64-Bit Server VM (25.45-b02) for windows-amd64 JRE (1.8.0_45-b15), built on Apr 30 2015 12:40:44 by "java_re" with MS VC++ 10.0 (VS2010)

time: Sat Nov 13 23:03:16 2021
elapsed time: 427 seconds (0d 0h 7m 7s)

